Arguments: 
  /usr/bin/node /usr/bin/yarn add express

PATH: 
  /home/joudev/.zinit/polaris/bin:/usr/local/sbin:/usr/local/bin:/usr/sbin:/usr/bin:/sbin:/bin:/usr/games:/usr/local/games:/snap/bin:/home/joudev/android-studio/bin:/home/joudev/Android/Sdk/emulator:/home/joudev/Android/Sdk/tools:/home/joudev/Android/Sdk/tools/bin:/home/joudev/Android/Sdk/platform-tools

Yarn version: 
  1.22.10

Node version: 
  14.17.6

Platform: 
  linux x64

Trace: 
  Error: getaddrinfo EAI_AGAIN registry.yarnpkg.com
      at GetAddrInfoReqWrap.onlookup [as oncomplete] (dns.js:69:26)

npm manifest: 
  {
    "name": "finAPI",
    "version": "1.0.0",
    "main": "index.js",
    "license": "MIT"
  }

yarn manifest: 
  No manifest

Lockfile: 
  No lockfile
